2020-02-23 21:30:21 [restartedMain] INFO  SpringVideoDownloadApplication:50 - Starting SpringVideoDownloadApplication on CM-AMD-LINUX with PID 8265 (/home/jonathan/eclipse-workspace/SpringVideoDownload/SpringVideoDownload/target/classes started by jonathan in /home/jonathan/eclipse-workspace/SpringVideoDownload/SpringVideoDownload)
2020-02-23 21:30:21 [restartedMain] INFO  SpringVideoDownloadApplication:648 - No active profile set, falling back to default profiles: default
2020-02-23 21:30:21 [restartedMain] INFO  DevToolsPropertyDefaultsPostProcessor:225 - Devtools property defaults active! Set 'spring.devtools.add-properties' to 'false' to disable
2020-02-23 21:30:21 [restartedMain] INFO  DevToolsPropertyDefaultsPostProcessor:225 - For additional web related logging consider setting the 'logging.level.web' property to 'DEBUG'
2020-02-23 21:30:22 [restartedMain] INFO  TomcatWebServer:90 - Tomcat initialized with port(s): 8091 (http)
2020-02-23 21:30:22 [restartedMain] INFO  Http11NioProtocol:173 - Initializing ProtocolHandler ["http-nio-8091"]
2020-02-23 21:30:22 [restartedMain] INFO  StandardService:173 - Starting service [Tomcat]
2020-02-23 21:30:22 [restartedMain] INFO  StandardEngine:173 - Starting Servlet engine: [Apache Tomcat/9.0.24]
2020-02-23 21:30:22 [restartedMain] INFO  [/]:173 - Initializing Spring embedded WebApplicationContext
2020-02-23 21:30:22 [restartedMain] INFO  ContextLoader:284 - Root WebApplicationContext: initialization completed in 906 ms
2020-02-23 21:30:23 [restartedMain] INFO  ThreadPoolTaskExecutor:171 - Initializing ExecutorService 'taskExecutor'
2020-02-23 21:30:23 [restartedMain] INFO  ThreadPoolTaskExecutor:171 - Initializing ExecutorService 'clientInboundChannelExecutor'
2020-02-23 21:30:23 [restartedMain] INFO  ThreadPoolTaskExecutor:171 - Initializing ExecutorService 'clientOutboundChannelExecutor'
2020-02-23 21:30:23 [restartedMain] INFO  ThreadPoolTaskExecutor:171 - Initializing ExecutorService
2020-02-23 21:30:23 [restartedMain] INFO  ThreadPoolTaskExecutor:171 - Initializing ExecutorService 'downloadTaskExecutor'
2020-02-23 21:30:23 [restartedMain] INFO  ThreadPoolTaskScheduler:171 - Initializing ExecutorService 'messageBrokerTaskScheduler'
2020-02-23 21:30:23 [restartedMain] INFO  ThreadPoolTaskExecutor:171 - Initializing ExecutorService 'brokerChannelExecutor'
2020-02-23 21:30:23 [restartedMain] INFO  WelcomePageHandlerMapping:54 - Adding welcome page: class path resource [static/index.html]
2020-02-23 21:30:23 [restartedMain] INFO  DefaultSecurityFilterChain:43 - Creating filter chain: any request, [org.springframework.security.web.context.request.async.WebAsyncManagerIntegrationFilter@708acf28, org.springframework.security.web.context.SecurityContextPersistenceFilter@54e52d9e, org.springframework.security.web.header.HeaderWriterFilter@258403f0, org.springframework.security.web.csrf.CsrfFilter@75c5af68, org.springframework.security.web.authentication.logout.LogoutFilter@61c1ebf9, org.springframework.security.web.authentication.UsernamePasswordAuthenticationFilter@4409f545, org.springframework.security.web.authentication.ui.DefaultLoginPageGeneratingFilter@5260e136, org.springframework.security.web.authentication.ui.DefaultLogoutPageGeneratingFilter@5df7ee4a, org.springframework.security.web.authentication.www.BasicAuthenticationFilter@442e4903, org.springframework.security.web.savedrequest.RequestCacheAwareFilter@7e5f805c, org.springframework.security.web.servletapi.SecurityContextHolderAwareRequestFilter@3373988f, org.springframework.security.web.authentication.AnonymousAuthenticationFilter@78e06ac0, org.springframework.security.web.session.SessionManagementFilter@2e2b72eb, org.springframework.security.web.access.ExceptionTranslationFilter@6d56b00, org.springframework.security.web.access.intercept.FilterSecurityInterceptor@58171d4b]
2020-02-23 21:30:23 [restartedMain] INFO  OptionalLiveReloadServer:57 - LiveReload server is running on port 35729
2020-02-23 21:30:23 [restartedMain] INFO  SimpleBrokerMessageHandler:137 - Starting...
2020-02-23 21:30:23 [restartedMain] INFO  SimpleBrokerMessageHandler:137 - BrokerAvailabilityEvent[available=true, SimpleBrokerMessageHandler [DefaultSubscriptionRegistry[cache[0 destination(s)], registry[0 sessions]]]]
2020-02-23 21:30:23 [restartedMain] INFO  SimpleBrokerMessageHandler:137 - Started.
2020-02-23 21:30:23 [restartedMain] INFO  Http11NioProtocol:173 - Starting ProtocolHandler ["http-nio-8091"]
2020-02-23 21:30:23 [restartedMain] INFO  TomcatWebServer:202 - Tomcat started on port(s): 8091 (http) with context path ''
2020-02-23 21:30:23 [restartedMain] INFO  SpringVideoDownloadApplication:59 - Started SpringVideoDownloadApplication in 2.68 seconds (JVM running for 3.366)
2020-02-23 21:32:19 [restartedMain] INFO  SpringVideoDownloadApplication:50 - Starting SpringVideoDownloadApplication on CM-AMD-LINUX with PID 8881 (/home/jonathan/eclipse-workspace/SpringVideoDownload/SpringVideoDownload/target/classes started by jonathan in /home/jonathan/eclipse-workspace/SpringVideoDownload/SpringVideoDownload)
2020-02-23 21:32:19 [restartedMain] INFO  SpringVideoDownloadApplication:648 - No active profile set, falling back to default profiles: default
2020-02-23 21:32:19 [restartedMain] INFO  DevToolsPropertyDefaultsPostProcessor:225 - Devtools property defaults active! Set 'spring.devtools.add-properties' to 'false' to disable
2020-02-23 21:32:19 [restartedMain] INFO  DevToolsPropertyDefaultsPostProcessor:225 - For additional web related logging consider setting the 'logging.level.web' property to 'DEBUG'
2020-02-23 21:32:19 [restartedMain] INFO  TomcatWebServer:90 - Tomcat initialized with port(s): 8091 (http)
2020-02-23 21:32:19 [restartedMain] INFO  Http11NioProtocol:173 - Initializing ProtocolHandler ["http-nio-8091"]
2020-02-23 21:32:19 [restartedMain] INFO  StandardService:173 - Starting service [Tomcat]
2020-02-23 21:32:19 [restartedMain] INFO  StandardEngine:173 - Starting Servlet engine: [Apache Tomcat/9.0.24]
2020-02-23 21:32:19 [restartedMain] INFO  [/]:173 - Initializing Spring embedded WebApplicationContext
2020-02-23 21:32:19 [restartedMain] INFO  ContextLoader:284 - Root WebApplicationContext: initialization completed in 871 ms
2020-02-23 21:32:21 [restartedMain] INFO  ThreadPoolTaskExecutor:171 - Initializing ExecutorService 'taskExecutor'
2020-02-23 21:32:21 [restartedMain] INFO  ThreadPoolTaskExecutor:171 - Initializing ExecutorService 'clientInboundChannelExecutor'
2020-02-23 21:32:21 [restartedMain] INFO  ThreadPoolTaskExecutor:171 - Initializing ExecutorService 'clientOutboundChannelExecutor'
2020-02-23 21:32:21 [restartedMain] INFO  ThreadPoolTaskExecutor:171 - Initializing ExecutorService
2020-02-23 21:32:21 [restartedMain] INFO  ThreadPoolTaskExecutor:171 - Initializing ExecutorService 'downloadTaskExecutor'
2020-02-23 21:32:21 [restartedMain] INFO  ThreadPoolTaskScheduler:171 - Initializing ExecutorService 'messageBrokerTaskScheduler'
2020-02-23 21:32:21 [restartedMain] INFO  ThreadPoolTaskExecutor:171 - Initializing ExecutorService 'brokerChannelExecutor'
2020-02-23 21:32:21 [restartedMain] INFO  WelcomePageHandlerMapping:54 - Adding welcome page: class path resource [static/index.html]
2020-02-23 21:32:21 [restartedMain] INFO  DefaultSecurityFilterChain:43 - Creating filter chain: any request, [org.springframework.security.web.context.request.async.WebAsyncManagerIntegrationFilter@381203b9, org.springframework.security.web.context.SecurityContextPersistenceFilter@5d07d219, org.springframework.security.web.header.HeaderWriterFilter@4c302348, org.springframework.security.web.csrf.CsrfFilter@50145c81, org.springframework.security.web.authentication.logout.LogoutFilter@7dd7b962, org.springframework.security.web.authentication.UsernamePasswordAuthenticationFilter@701c4b81, org.springframework.security.web.authentication.ui.DefaultLoginPageGeneratingFilter@1c1d0b06, org.springframework.security.web.authentication.ui.DefaultLogoutPageGeneratingFilter@715ac6e0, org.springframework.security.web.authentication.www.BasicAuthenticationFilter@3b35e55d, org.springframework.security.web.savedrequest.RequestCacheAwareFilter@5183c941, org.springframework.security.web.servletapi.SecurityContextHolderAwareRequestFilter@4e47efb8, org.springframework.security.web.authentication.AnonymousAuthenticationFilter@153532fe, org.springframework.security.web.session.SessionManagementFilter@604e8eee, org.springframework.security.web.access.ExceptionTranslationFilter@6107d247, org.springframework.security.web.access.intercept.FilterSecurityInterceptor@2dbce66d]
2020-02-23 21:32:21 [restartedMain] INFO  OptionalLiveReloadServer:57 - LiveReload server is running on port 35729
2020-02-23 21:32:21 [restartedMain] INFO  SimpleBrokerMessageHandler:137 - Starting...
2020-02-23 21:32:21 [restartedMain] INFO  SimpleBrokerMessageHandler:137 - BrokerAvailabilityEvent[available=true, SimpleBrokerMessageHandler [DefaultSubscriptionRegistry[cache[0 destination(s)], registry[0 sessions]]]]
2020-02-23 21:32:21 [restartedMain] INFO  SimpleBrokerMessageHandler:137 - Started.
2020-02-23 21:32:21 [restartedMain] INFO  Http11NioProtocol:173 - Starting ProtocolHandler ["http-nio-8091"]
2020-02-23 21:32:21 [restartedMain] INFO  TomcatWebServer:202 - Tomcat started on port(s): 8091 (http) with context path ''
2020-02-23 21:32:21 [restartedMain] INFO  SpringVideoDownloadApplication:59 - Started SpringVideoDownloadApplication in 2.866 seconds (JVM running for 3.492)
2020-02-23 21:54:28 [restartedMain] INFO  SpringVideoDownloadApplication:50 - Starting SpringVideoDownloadApplication on CM-AMD-LINUX with PID 3420 (/home/jonathan/eclipse-workspace/SpringVideoDownload/SpringVideoDownload/target/classes started by jonathan in /home/jonathan/eclipse-workspace/SpringVideoDownload/SpringVideoDownload)
2020-02-23 21:54:28 [restartedMain] INFO  SpringVideoDownloadApplication:648 - No active profile set, falling back to default profiles: default
2020-02-23 21:54:28 [restartedMain] INFO  DevToolsPropertyDefaultsPostProcessor:225 - Devtools property defaults active! Set 'spring.devtools.add-properties' to 'false' to disable
2020-02-23 21:54:28 [restartedMain] INFO  DevToolsPropertyDefaultsPostProcessor:225 - For additional web related logging consider setting the 'logging.level.web' property to 'DEBUG'
2020-02-23 21:54:29 [restartedMain] INFO  TomcatWebServer:90 - Tomcat initialized with port(s): 8091 (http)
2020-02-23 21:54:29 [restartedMain] INFO  Http11NioProtocol:173 - Initializing ProtocolHandler ["http-nio-8091"]
2020-02-23 21:54:29 [restartedMain] INFO  StandardService:173 - Starting service [Tomcat]
2020-02-23 21:54:29 [restartedMain] INFO  StandardEngine:173 - Starting Servlet engine: [Apache Tomcat/9.0.24]
2020-02-23 21:54:29 [restartedMain] INFO  [/]:173 - Initializing Spring embedded WebApplicationContext
2020-02-23 21:54:29 [restartedMain] INFO  ContextLoader:284 - Root WebApplicationContext: initialization completed in 1016 ms
2020-02-23 21:54:30 [restartedMain] INFO  ThreadPoolTaskExecutor:171 - Initializing ExecutorService 'taskExecutor'
2020-02-23 21:54:30 [restartedMain] INFO  ThreadPoolTaskExecutor:171 - Initializing ExecutorService 'clientInboundChannelExecutor'
2020-02-23 21:54:30 [restartedMain] INFO  ThreadPoolTaskExecutor:171 - Initializing ExecutorService 'clientOutboundChannelExecutor'
2020-02-23 21:54:30 [restartedMain] INFO  ThreadPoolTaskExecutor:171 - Initializing ExecutorService
2020-02-23 21:54:30 [restartedMain] INFO  ThreadPoolTaskExecutor:171 - Initializing ExecutorService 'downloadTaskExecutor'
2020-02-23 21:54:30 [restartedMain] INFO  ThreadPoolTaskScheduler:171 - Initializing ExecutorService 'messageBrokerTaskScheduler'
2020-02-23 21:54:30 [restartedMain] INFO  ThreadPoolTaskExecutor:171 - Initializing ExecutorService 'brokerChannelExecutor'
2020-02-23 21:54:30 [restartedMain] INFO  WelcomePageHandlerMapping:54 - Adding welcome page: class path resource [static/index.html]
2020-02-23 21:54:31 [restartedMain] INFO  DefaultSecurityFilterChain:43 - Creating filter chain: any request, [org.springframework.security.web.context.request.async.WebAsyncManagerIntegrationFilter@739f13f4, org.springframework.security.web.context.SecurityContextPersistenceFilter@28586523, org.springframework.security.web.header.HeaderWriterFilter@30881227, org.springframework.security.web.csrf.CsrfFilter@6ed59766, org.springframework.security.web.authentication.logout.LogoutFilter@40477329, org.springframework.security.web.authentication.UsernamePasswordAuthenticationFilter@752df77f, org.springframework.security.web.authentication.ui.DefaultLoginPageGeneratingFilter@7d78e920, org.springframework.security.web.authentication.ui.DefaultLogoutPageGeneratingFilter@2d4fc0cc, org.springframework.security.web.authentication.www.BasicAuthenticationFilter@3e4c3598, org.springframework.security.web.savedrequest.RequestCacheAwareFilter@49616640, org.springframework.security.web.servletapi.SecurityContextHolderAwareRequestFilter@d75b9b0, org.springframework.security.web.authentication.AnonymousAuthenticationFilter@736dd2f7, org.springframework.security.web.session.SessionManagementFilter@5081a712, org.springframework.security.web.access.ExceptionTranslationFilter@15d7e883, org.springframework.security.web.access.intercept.FilterSecurityInterceptor@e9c14d7]
2020-02-23 21:54:31 [restartedMain] INFO  OptionalLiveReloadServer:57 - LiveReload server is running on port 35729
2020-02-23 21:54:31 [restartedMain] INFO  SimpleBrokerMessageHandler:137 - Starting...
2020-02-23 21:54:31 [restartedMain] INFO  SimpleBrokerMessageHandler:137 - BrokerAvailabilityEvent[available=true, SimpleBrokerMessageHandler [DefaultSubscriptionRegistry[cache[0 destination(s)], registry[0 sessions]]]]
2020-02-23 21:54:31 [restartedMain] INFO  SimpleBrokerMessageHandler:137 - Started.
2020-02-23 21:54:31 [restartedMain] INFO  Http11NioProtocol:173 - Starting ProtocolHandler ["http-nio-8091"]
2020-02-23 21:54:31 [restartedMain] INFO  TomcatWebServer:202 - Tomcat started on port(s): 8091 (http) with context path ''
2020-02-23 21:54:31 [restartedMain] INFO  SpringVideoDownloadApplication:59 - Started SpringVideoDownloadApplication in 3.431 seconds (JVM running for 4.232)
2020-02-23 21:54:45 [http-nio-8091-exec-1] INFO  [/]:173 - Initializing Spring DispatcherServlet 'dispatcherServlet'
2020-02-23 21:54:45 [http-nio-8091-exec-1] INFO  DispatcherServlet:524 - Initializing Servlet 'dispatcherServlet'
2020-02-23 21:54:45 [http-nio-8091-exec-1] INFO  DispatcherServlet:546 - Completed initialization in 6 ms
2020-02-23 21:54:47 [http-nio-8091-exec-6] INFO  HttpContext:52 - Context initialized
2020-02-23 21:57:28 [Thread-5] INFO  SimpleBrokerMessageHandler:137 - Stopping...
2020-02-23 21:57:28 [Thread-5] INFO  SimpleBrokerMessageHandler:137 - BrokerAvailabilityEvent[available=false, SimpleBrokerMessageHandler [DefaultSubscriptionRegistry[cache[0 destination(s)], registry[0 sessions]]]]
2020-02-23 21:57:28 [Thread-5] INFO  SimpleBrokerMessageHandler:137 - Stopped.
2020-02-23 21:57:28 [Thread-5] INFO  ThreadPoolTaskExecutor:208 - Shutting down ExecutorService 'brokerChannelExecutor'
2020-02-23 21:57:28 [Thread-5] INFO  ThreadPoolTaskScheduler:208 - Shutting down ExecutorService 'messageBrokerTaskScheduler'
2020-02-23 21:57:28 [Thread-5] INFO  ThreadPoolTaskExecutor:208 - Shutting down ExecutorService 'downloadTaskExecutor'
2020-02-23 21:57:28 [Thread-5] INFO  ThreadPoolTaskExecutor:208 - Shutting down ExecutorService 'clientOutboundChannelExecutor'
2020-02-23 21:57:28 [Thread-5] INFO  ThreadPoolTaskExecutor:208 - Shutting down ExecutorService 'clientInboundChannelExecutor'
2020-02-23 21:57:28 [Thread-5] INFO  ThreadPoolTaskExecutor:208 - Shutting down ExecutorService 'taskExecutor'
2020-02-23 21:57:28 [restartedMain] INFO  SpringVideoDownloadApplication:50 - Starting SpringVideoDownloadApplication on CM-AMD-LINUX with PID 3420 (/home/jonathan/eclipse-workspace/SpringVideoDownload/SpringVideoDownload/target/classes started by jonathan in /home/jonathan/eclipse-workspace/SpringVideoDownload/SpringVideoDownload)
2020-02-23 21:57:28 [restartedMain] INFO  SpringVideoDownloadApplication:648 - No active profile set, falling back to default profiles: default
2020-02-23 21:57:28 [restartedMain] INFO  TomcatWebServer:90 - Tomcat initialized with port(s): 8091 (http)
2020-02-23 21:57:28 [restartedMain] INFO  Http11NioProtocol:173 - Initializing ProtocolHandler ["http-nio-8091"]
2020-02-23 21:57:28 [restartedMain] INFO  StandardService:173 - Starting service [Tomcat]
2020-02-23 21:57:28 [restartedMain] INFO  StandardEngine:173 - Starting Servlet engine: [Apache Tomcat/9.0.24]
2020-02-23 21:57:28 [restartedMain] INFO  [/]:173 - Initializing Spring embedded WebApplicationContext
2020-02-23 21:57:28 [restartedMain] INFO  ContextLoader:284 - Root WebApplicationContext: initialization completed in 267 ms
2020-02-23 21:57:29 [restartedMain] INFO  ThreadPoolTaskExecutor:171 - Initializing ExecutorService 'taskExecutor'
2020-02-23 21:57:29 [restartedMain] INFO  ThreadPoolTaskExecutor:171 - Initializing ExecutorService 'clientInboundChannelExecutor'
2020-02-23 21:57:29 [restartedMain] INFO  ThreadPoolTaskExecutor:171 - Initializing ExecutorService 'clientOutboundChannelExecutor'
2020-02-23 21:57:29 [restartedMain] INFO  ThreadPoolTaskExecutor:171 - Initializing ExecutorService
2020-02-23 21:57:29 [restartedMain] INFO  ThreadPoolTaskExecutor:171 - Initializing ExecutorService 'downloadTaskExecutor'
2020-02-23 21:57:29 [restartedMain] INFO  ThreadPoolTaskScheduler:171 - Initializing ExecutorService 'messageBrokerTaskScheduler'
2020-02-23 21:57:29 [restartedMain] INFO  ThreadPoolTaskExecutor:171 - Initializing ExecutorService 'brokerChannelExecutor'
2020-02-23 21:57:29 [restartedMain] INFO  WelcomePageHandlerMapping:54 - Adding welcome page: class path resource [static/index.html]
2020-02-23 21:57:29 [restartedMain] INFO  DefaultSecurityFilterChain:43 - Creating filter chain: any request, [org.springframework.security.web.context.request.async.WebAsyncManagerIntegrationFilter@58ebbd1, org.springframework.security.web.context.SecurityContextPersistenceFilter@8c9e126, org.springframework.security.web.header.HeaderWriterFilter@3de6a16d, org.springframework.security.web.csrf.CsrfFilter@177f4d68, org.springframework.security.web.authentication.logout.LogoutFilter@4f2f4bba, org.springframework.security.web.authentication.UsernamePasswordAuthenticationFilter@89bf68a, org.springframework.security.web.authentication.ui.DefaultLoginPageGeneratingFilter@8a85b58, org.springframework.security.web.authentication.ui.DefaultLogoutPageGeneratingFilter@ef3c9de, org.springframework.security.web.authentication.www.BasicAuthenticationFilter@45386a3, org.springframework.security.web.savedrequest.RequestCacheAwareFilter@62b8b5d9, org.springframework.security.web.servletapi.SecurityContextHolderAwareRequestFilter@6add8d2a, org.springframework.security.web.authentication.AnonymousAuthenticationFilter@590b512c, org.springframework.security.web.session.SessionManagementFilter@6530e4e5, org.springframework.security.web.access.ExceptionTranslationFilter@3eea8e28, org.springframework.security.web.access.intercept.FilterSecurityInterceptor@115344aa]
2020-02-23 21:57:29 [restartedMain] INFO  OptionalLiveReloadServer:57 - LiveReload server is running on port 35729
2020-02-23 21:57:29 [restartedMain] INFO  SimpleBrokerMessageHandler:137 - Starting...
2020-02-23 21:57:29 [restartedMain] INFO  SimpleBrokerMessageHandler:137 - BrokerAvailabilityEvent[available=true, SimpleBrokerMessageHandler [DefaultSubscriptionRegistry[cache[0 destination(s)], registry[0 sessions]]]]
2020-02-23 21:57:29 [restartedMain] INFO  SimpleBrokerMessageHandler:137 - Started.
2020-02-23 21:57:29 [restartedMain] INFO  Http11NioProtocol:173 - Starting ProtocolHandler ["http-nio-8091"]
2020-02-23 21:57:29 [restartedMain] INFO  TomcatWebServer:202 - Tomcat started on port(s): 8091 (http) with context path ''
2020-02-23 21:57:29 [restartedMain] INFO  SpringVideoDownloadApplication:59 - Started SpringVideoDownloadApplication in 1.233 seconds (JVM running for 182.697)
2020-02-23 21:57:29 [restartedMain] INFO  ConditionEvaluationDeltaLoggingListener:63 - Condition evaluation unchanged
2020-02-23 21:57:38 [restartedMain] INFO  SpringVideoDownloadApplication:50 - Starting SpringVideoDownloadApplication on CM-AMD-LINUX with PID 4182 (/home/jonathan/eclipse-workspace/SpringVideoDownload/SpringVideoDownload/target/classes started by jonathan in /home/jonathan/eclipse-workspace/SpringVideoDownload/SpringVideoDownload)
2020-02-23 21:57:38 [restartedMain] INFO  SpringVideoDownloadApplication:648 - No active profile set, falling back to default profiles: default
2020-02-23 21:57:38 [restartedMain] INFO  DevToolsPropertyDefaultsPostProcessor:225 - Devtools property defaults active! Set 'spring.devtools.add-properties' to 'false' to disable
2020-02-23 21:57:38 [restartedMain] INFO  DevToolsPropertyDefaultsPostProcessor:225 - For additional web related logging consider setting the 'logging.level.web' property to 'DEBUG'
2020-02-23 21:57:39 [restartedMain] INFO  TomcatWebServer:90 - Tomcat initialized with port(s): 8091 (http)
2020-02-23 21:57:39 [restartedMain] INFO  Http11NioProtocol:173 - Initializing ProtocolHandler ["http-nio-8091"]
2020-02-23 21:57:39 [restartedMain] INFO  StandardService:173 - Starting service [Tomcat]
2020-02-23 21:57:39 [restartedMain] INFO  StandardEngine:173 - Starting Servlet engine: [Apache Tomcat/9.0.24]
2020-02-23 21:57:39 [restartedMain] INFO  [/]:173 - Initializing Spring embedded WebApplicationContext
2020-02-23 21:57:39 [restartedMain] INFO  ContextLoader:284 - Root WebApplicationContext: initialization completed in 817 ms
2020-02-23 21:57:40 [restartedMain] INFO  ThreadPoolTaskExecutor:171 - Initializing ExecutorService 'taskExecutor'
2020-02-23 21:57:40 [restartedMain] INFO  ThreadPoolTaskExecutor:171 - Initializing ExecutorService 'clientInboundChannelExecutor'
2020-02-23 21:57:40 [restartedMain] INFO  ThreadPoolTaskExecutor:171 - Initializing ExecutorService 'clientOutboundChannelExecutor'
2020-02-23 21:57:40 [restartedMain] INFO  ThreadPoolTaskExecutor:171 - Initializing ExecutorService
2020-02-23 21:57:40 [restartedMain] INFO  ThreadPoolTaskExecutor:171 - Initializing ExecutorService 'downloadTaskExecutor'
2020-02-23 21:57:40 [restartedMain] INFO  ThreadPoolTaskScheduler:171 - Initializing ExecutorService 'messageBrokerTaskScheduler'
2020-02-23 21:57:40 [restartedMain] INFO  ThreadPoolTaskExecutor:171 - Initializing ExecutorService 'brokerChannelExecutor'
2020-02-23 21:57:40 [restartedMain] INFO  WelcomePageHandlerMapping:54 - Adding welcome page: class path resource [static/index.html]
2020-02-23 21:57:40 [restartedMain] INFO  DefaultSecurityFilterChain:43 - Creating filter chain: any request, [org.springframework.security.web.context.request.async.WebAsyncManagerIntegrationFilter@1386b078, org.springframework.security.web.context.SecurityContextPersistenceFilter@3ceff435, org.springframework.security.web.header.HeaderWriterFilter@3ecca70, org.springframework.security.web.csrf.CsrfFilter@28d35f1c, org.springframework.security.web.authentication.logout.LogoutFilter@54fce4bd, org.springframework.security.web.authentication.UsernamePasswordAuthenticationFilter@4d71f49a, org.springframework.security.web.authentication.ui.DefaultLoginPageGeneratingFilter@7f6ba888, org.springframework.security.web.authentication.ui.DefaultLogoutPageGeneratingFilter@430b037a, org.springframework.security.web.authentication.www.BasicAuthenticationFilter@40d253af, org.springframework.security.web.savedrequest.RequestCacheAwareFilter@731da5aa, org.springframework.security.web.servletapi.SecurityContextHolderAwareRequestFilter@6774be36, org.springframework.security.web.authentication.AnonymousAuthenticationFilter@7e21f980, org.springframework.security.web.session.SessionManagementFilter@a7e1795, org.springframework.security.web.access.ExceptionTranslationFilter@3294bd1b, org.springframework.security.web.access.intercept.FilterSecurityInterceptor@b83befa]
2020-02-23 21:57:40 [restartedMain] INFO  OptionalLiveReloadServer:57 - LiveReload server is running on port 35729
2020-02-23 21:57:40 [restartedMain] INFO  SimpleBrokerMessageHandler:137 - Starting...
2020-02-23 21:57:40 [restartedMain] INFO  SimpleBrokerMessageHandler:137 - BrokerAvailabilityEvent[available=true, SimpleBrokerMessageHandler [DefaultSubscriptionRegistry[cache[0 destination(s)], registry[0 sessions]]]]
2020-02-23 21:57:40 [restartedMain] INFO  SimpleBrokerMessageHandler:137 - Started.
2020-02-23 21:57:40 [restartedMain] INFO  Http11NioProtocol:173 - Starting ProtocolHandler ["http-nio-8091"]
2020-02-23 21:57:40 [restartedMain] INFO  TomcatWebServer:202 - Tomcat started on port(s): 8091 (http) with context path ''
2020-02-23 21:57:40 [restartedMain] INFO  SpringVideoDownloadApplication:59 - Started SpringVideoDownloadApplication in 2.341 seconds (JVM running for 2.954)
2020-02-23 21:57:50 [http-nio-8091-exec-1] INFO  [/]:173 - Initializing Spring DispatcherServlet 'dispatcherServlet'
2020-02-23 21:57:50 [http-nio-8091-exec-1] INFO  DispatcherServlet:524 - Initializing Servlet 'dispatcherServlet'
2020-02-23 21:57:50 [http-nio-8091-exec-1] INFO  DispatcherServlet:546 - Completed initialization in 4 ms
2020-02-23 21:57:54 [http-nio-8091-exec-4] INFO  HttpContext:52 - Context initialized
2020-02-23 21:58:05 [taskExecutor-1] INFO  SegmentDownloader:47 - creating folder /home/jonathan/videoDownloader/.xdman/temp/7e10591a-2652-4d0e-97c9-a9145637b5f4
2020-02-23 21:58:05 [67c2c520-da14-4bdb-b6ac-0c2f46f741fb] INFO  DManagerApp:206 - confirmed 7e10591a-2652-4d0e-97c9-a9145637b5f4
2020-02-23 21:58:05 [67c2c520-da14-4bdb-b6ac-0c2f46f741fb] INFO  HttpDownloader:42 - Checking for filename change true
2020-02-23 21:58:05 [67c2c520-da14-4bdb-b6ac-0c2f46f741fb] INFO  DManagerApp:833 - checking for same named file on disk...
2020-02-23 21:58:05 [67c2c520-da14-4bdb-b6ac-0c2f46f741fb] INFO  DManagerApp:846 - Updating file name - old: 19940.mkv new: 19940.mkv
2020-02-23 21:58:43 [Thread-5] INFO  SimpleBrokerMessageHandler:137 - Stopping...
2020-02-23 21:58:43 [Thread-5] INFO  SimpleBrokerMessageHandler:137 - BrokerAvailabilityEvent[available=false, SimpleBrokerMessageHandler [DefaultSubscriptionRegistry[cache[0 destination(s)], registry[0 sessions]]]]
2020-02-23 21:58:43 [Thread-5] INFO  SimpleBrokerMessageHandler:137 - Stopped.
2020-02-23 21:58:43 [Thread-5] INFO  ThreadPoolTaskExecutor:208 - Shutting down ExecutorService 'brokerChannelExecutor'
2020-02-23 21:58:43 [Thread-5] INFO  ThreadPoolTaskScheduler:208 - Shutting down ExecutorService 'messageBrokerTaskScheduler'
2020-02-23 21:58:43 [Thread-5] INFO  ThreadPoolTaskExecutor:208 - Shutting down ExecutorService 'downloadTaskExecutor'
2020-02-23 21:58:43 [Thread-5] INFO  ThreadPoolTaskExecutor:208 - Shutting down ExecutorService 'clientOutboundChannelExecutor'
2020-02-23 21:58:43 [Thread-5] INFO  ThreadPoolTaskExecutor:208 - Shutting down ExecutorService 'clientInboundChannelExecutor'
2020-02-23 21:58:43 [Thread-5] INFO  ThreadPoolTaskExecutor:208 - Shutting down ExecutorService 'taskExecutor'
2020-02-23 21:58:43 [restartedMain] INFO  SpringVideoDownloadApplication:50 - Starting SpringVideoDownloadApplication on CM-AMD-LINUX with PID 4182 (/home/jonathan/eclipse-workspace/SpringVideoDownload/SpringVideoDownload/target/classes started by jonathan in /home/jonathan/eclipse-workspace/SpringVideoDownload/SpringVideoDownload)
2020-02-23 21:58:43 [restartedMain] INFO  SpringVideoDownloadApplication:648 - No active profile set, falling back to default profiles: default
2020-02-23 21:58:43 [restartedMain] INFO  TomcatWebServer:90 - Tomcat initialized with port(s): 8091 (http)
2020-02-23 21:58:43 [restartedMain] INFO  Http11NioProtocol:173 - Initializing ProtocolHandler ["http-nio-8091"]
2020-02-23 21:58:43 [restartedMain] INFO  StandardService:173 - Starting service [Tomcat]
2020-02-23 21:58:43 [restartedMain] INFO  StandardEngine:173 - Starting Servlet engine: [Apache Tomcat/9.0.24]
2020-02-23 21:58:43 [restartedMain] INFO  [/]:173 - Initializing Spring embedded WebApplicationContext
2020-02-23 21:58:43 [restartedMain] INFO  ContextLoader:284 - Root WebApplicationContext: initialization completed in 263 ms
2020-02-23 21:58:44 [restartedMain] INFO  ThreadPoolTaskExecutor:171 - Initializing ExecutorService 'taskExecutor'
2020-02-23 21:58:44 [restartedMain] INFO  ThreadPoolTaskExecutor:171 - Initializing ExecutorService 'clientInboundChannelExecutor'
2020-02-23 21:58:44 [restartedMain] INFO  ThreadPoolTaskExecutor:171 - Initializing ExecutorService 'clientOutboundChannelExecutor'
2020-02-23 21:58:44 [restartedMain] INFO  ThreadPoolTaskExecutor:171 - Initializing ExecutorService
2020-02-23 21:58:44 [restartedMain] INFO  ThreadPoolTaskExecutor:171 - Initializing ExecutorService 'downloadTaskExecutor'
2020-02-23 21:58:44 [restartedMain] INFO  ThreadPoolTaskScheduler:171 - Initializing ExecutorService 'messageBrokerTaskScheduler'
2020-02-23 21:58:44 [restartedMain] INFO  ThreadPoolTaskExecutor:171 - Initializing ExecutorService 'brokerChannelExecutor'
2020-02-23 21:58:44 [restartedMain] INFO  WelcomePageHandlerMapping:54 - Adding welcome page: class path resource [static/index.html]
2020-02-23 21:58:44 [restartedMain] INFO  DefaultSecurityFilterChain:43 - Creating filter chain: any request, [org.springframework.security.web.context.request.async.WebAsyncManagerIntegrationFilter@5fb1a6c4, org.springframework.security.web.context.SecurityContextPersistenceFilter@1d0d4fed, org.springframework.security.web.header.HeaderWriterFilter@a22e964, org.springframework.security.web.csrf.CsrfFilter@170f3a03, org.springframework.security.web.authentication.logout.LogoutFilter@71131a27, org.springframework.security.web.authentication.UsernamePasswordAuthenticationFilter@31892f98, org.springframework.security.web.authentication.ui.DefaultLoginPageGeneratingFilter@6964f3f, org.springframework.security.web.authentication.ui.DefaultLogoutPageGeneratingFilter@76920237, org.springframework.security.web.authentication.www.BasicAuthenticationFilter@40729834, org.springframework.security.web.savedrequest.RequestCacheAwareFilter@d2dc163, org.springframework.security.web.servletapi.SecurityContextHolderAwareRequestFilter@10d9606b, org.springframework.security.web.authentication.AnonymousAuthenticationFilter@e1f1692, org.springframework.security.web.session.SessionManagementFilter@733cbcab, org.springframework.security.web.access.ExceptionTranslationFilter@51583d02, org.springframework.security.web.access.intercept.FilterSecurityInterceptor@1427a5a0]
2020-02-23 21:58:44 [restartedMain] INFO  OptionalLiveReloadServer:57 - LiveReload server is running on port 35729
2020-02-23 21:58:44 [restartedMain] INFO  SimpleBrokerMessageHandler:137 - Starting...
2020-02-23 21:58:44 [restartedMain] INFO  SimpleBrokerMessageHandler:137 - BrokerAvailabilityEvent[available=true, SimpleBrokerMessageHandler [DefaultSubscriptionRegistry[cache[0 destination(s)], registry[0 sessions]]]]
2020-02-23 21:58:44 [restartedMain] INFO  SimpleBrokerMessageHandler:137 - Started.
2020-02-23 21:58:44 [restartedMain] INFO  Http11NioProtocol:173 - Starting ProtocolHandler ["http-nio-8091"]
2020-02-23 21:58:44 [restartedMain] INFO  TomcatWebServer:202 - Tomcat started on port(s): 8091 (http) with context path ''
2020-02-23 21:58:44 [restartedMain] INFO  SpringVideoDownloadApplication:59 - Started SpringVideoDownloadApplication in 1.296 seconds (JVM running for 66.98)
2020-02-23 21:58:44 [restartedMain] INFO  ConditionEvaluationDeltaLoggingListener:63 - Condition evaluation unchanged
2020-02-23 21:59:52 [restartedMain] INFO  SpringVideoDownloadApplication:50 - Starting SpringVideoDownloadApplication on CM-AMD-LINUX with PID 4960 (/home/jonathan/eclipse-workspace/SpringVideoDownload/SpringVideoDownload/target/classes started by jonathan in /home/jonathan/eclipse-workspace/SpringVideoDownload/SpringVideoDownload)
2020-02-23 21:59:52 [restartedMain] INFO  SpringVideoDownloadApplication:648 - No active profile set, falling back to default profiles: default
2020-02-23 21:59:52 [restartedMain] INFO  DevToolsPropertyDefaultsPostProcessor:225 - Devtools property defaults active! Set 'spring.devtools.add-properties' to 'false' to disable
2020-02-23 21:59:52 [restartedMain] INFO  DevToolsPropertyDefaultsPostProcessor:225 - For additional web related logging consider setting the 'logging.level.web' property to 'DEBUG'
2020-02-23 21:59:53 [restartedMain] INFO  TomcatWebServer:90 - Tomcat initialized with port(s): 8091 (http)
2020-02-23 21:59:53 [restartedMain] INFO  Http11NioProtocol:173 - Initializing ProtocolHandler ["http-nio-8091"]
2020-02-23 21:59:53 [restartedMain] INFO  StandardService:173 - Starting service [Tomcat]
2020-02-23 21:59:53 [restartedMain] INFO  StandardEngine:173 - Starting Servlet engine: [Apache Tomcat/9.0.24]
2020-02-23 21:59:53 [restartedMain] INFO  [/]:173 - Initializing Spring embedded WebApplicationContext
2020-02-23 21:59:53 [restartedMain] INFO  ContextLoader:284 - Root WebApplicationContext: initialization completed in 891 ms
2020-02-23 21:59:54 [restartedMain] INFO  ThreadPoolTaskExecutor:171 - Initializing ExecutorService 'taskExecutor'
2020-02-23 21:59:54 [restartedMain] INFO  ThreadPoolTaskExecutor:171 - Initializing ExecutorService 'clientInboundChannelExecutor'
2020-02-23 21:59:54 [restartedMain] INFO  ThreadPoolTaskExecutor:171 - Initializing ExecutorService 'clientOutboundChannelExecutor'
2020-02-23 21:59:54 [restartedMain] INFO  ThreadPoolTaskExecutor:171 - Initializing ExecutorService
2020-02-23 21:59:54 [restartedMain] INFO  ThreadPoolTaskExecutor:171 - Initializing ExecutorService 'downloadTaskExecutor'
2020-02-23 21:59:54 [restartedMain] INFO  ThreadPoolTaskScheduler:171 - Initializing ExecutorService 'messageBrokerTaskScheduler'
2020-02-23 21:59:54 [restartedMain] INFO  ThreadPoolTaskExecutor:171 - Initializing ExecutorService 'brokerChannelExecutor'
2020-02-23 21:59:54 [restartedMain] INFO  WelcomePageHandlerMapping:54 - Adding welcome page: class path resource [static/index.html]
2020-02-23 21:59:54 [restartedMain] INFO  DefaultSecurityFilterChain:43 - Creating filter chain: any request, [org.springframework.security.web.context.request.async.WebAsyncManagerIntegrationFilter@4ad81fc6, org.springframework.security.web.context.SecurityContextPersistenceFilter@896b9b8, org.springframework.security.web.header.HeaderWriterFilter@145b09e4, org.springframework.security.web.csrf.CsrfFilter@763dc83f, org.springframework.security.web.authentication.logout.LogoutFilter@78f1d060, org.springframework.security.web.authentication.UsernamePasswordAuthenticationFilter@6730cf3f, org.springframework.security.web.authentication.ui.DefaultLoginPageGeneratingFilter@b9607ef, org.springframework.security.web.authentication.ui.DefaultLogoutPageGeneratingFilter@540a5fae, org.springframework.security.web.authentication.www.BasicAuthenticationFilter@2e5a6f2d, org.springframework.security.web.savedrequest.RequestCacheAwareFilter@41769d8a, org.springframework.security.web.servletapi.SecurityContextHolderAwareRequestFilter@54e52d9e, org.springframework.security.web.authentication.AnonymousAuthenticationFilter@2eb848b1, org.springframework.security.web.session.SessionManagementFilter@3f69784d, org.springframework.security.web.access.ExceptionTranslationFilter@660c86fb, org.springframework.security.web.access.intercept.FilterSecurityInterceptor@39275bfa]
2020-02-23 21:59:54 [restartedMain] INFO  OptionalLiveReloadServer:57 - LiveReload server is running on port 35729
2020-02-23 21:59:54 [restartedMain] INFO  SimpleBrokerMessageHandler:137 - Starting...
2020-02-23 21:59:54 [restartedMain] INFO  SimpleBrokerMessageHandler:137 - BrokerAvailabilityEvent[available=true, SimpleBrokerMessageHandler [DefaultSubscriptionRegistry[cache[0 destination(s)], registry[0 sessions]]]]
2020-02-23 21:59:54 [restartedMain] INFO  SimpleBrokerMessageHandler:137 - Started.
2020-02-23 21:59:54 [restartedMain] INFO  Http11NioProtocol:173 - Starting ProtocolHandler ["http-nio-8091"]
2020-02-23 21:59:54 [restartedMain] INFO  TomcatWebServer:202 - Tomcat started on port(s): 8091 (http) with context path ''
2020-02-23 21:59:54 [restartedMain] INFO  SpringVideoDownloadApplication:59 - Started SpringVideoDownloadApplication in 2.487 seconds (JVM running for 3.084)
2020-02-23 22:00:01 [RMI TCP Connection(2)-127.0.0.1] INFO  SpringApplicationAdminMXBeanRegistrar$SpringApplicationAdmin:159 - Application shutdown requested.
2020-02-23 22:00:01 [RMI TCP Connection(2)-127.0.0.1] INFO  SimpleBrokerMessageHandler:137 - Stopping...
2020-02-23 22:00:01 [RMI TCP Connection(2)-127.0.0.1] INFO  SimpleBrokerMessageHandler:137 - BrokerAvailabilityEvent[available=false, SimpleBrokerMessageHandler [DefaultSubscriptionRegistry[cache[0 destination(s)], registry[0 sessions]]]]
2020-02-23 22:00:01 [RMI TCP Connection(2)-127.0.0.1] INFO  SimpleBrokerMessageHandler:137 - Stopped.
2020-02-23 22:00:01 [RMI TCP Connection(2)-127.0.0.1] INFO  ThreadPoolTaskExecutor:208 - Shutting down ExecutorService 'brokerChannelExecutor'
2020-02-23 22:00:01 [RMI TCP Connection(2)-127.0.0.1] INFO  ThreadPoolTaskScheduler:208 - Shutting down ExecutorService 'messageBrokerTaskScheduler'
2020-02-23 22:00:01 [RMI TCP Connection(2)-127.0.0.1] INFO  ThreadPoolTaskExecutor:208 - Shutting down ExecutorService 'downloadTaskExecutor'
2020-02-23 22:00:01 [RMI TCP Connection(2)-127.0.0.1] INFO  ThreadPoolTaskExecutor:208 - Shutting down ExecutorService 'clientOutboundChannelExecutor'
2020-02-23 22:00:01 [RMI TCP Connection(2)-127.0.0.1] INFO  ThreadPoolTaskExecutor:208 - Shutting down ExecutorService 'clientInboundChannelExecutor'
2020-02-23 22:00:01 [RMI TCP Connection(2)-127.0.0.1] INFO  ThreadPoolTaskExecutor:208 - Shutting down ExecutorService 'taskExecutor'
2020-02-23 22:04:49 [restartedMain] INFO  SpringVideoDownloadApplication:50 - Starting SpringVideoDownloadApplication on CM-AMD-LINUX with PID 6659 (/home/jonathan/eclipse-workspace/SpringVideoDownload/SpringVideoDownload/target/classes started by jonathan in /home/jonathan/eclipse-workspace/SpringVideoDownload/SpringVideoDownload)
2020-02-23 22:04:49 [restartedMain] INFO  SpringVideoDownloadApplication:648 - No active profile set, falling back to default profiles: default
2020-02-23 22:04:49 [restartedMain] INFO  DevToolsPropertyDefaultsPostProcessor:225 - Devtools property defaults active! Set 'spring.devtools.add-properties' to 'false' to disable
2020-02-23 22:04:49 [restartedMain] INFO  DevToolsPropertyDefaultsPostProcessor:225 - For additional web related logging consider setting the 'logging.level.web' property to 'DEBUG'
2020-02-23 22:04:51 [restartedMain] INFO  TomcatWebServer:90 - Tomcat initialized with port(s): 8091 (http)
2020-02-23 22:04:51 [restartedMain] INFO  Http11NioProtocol:173 - Initializing ProtocolHandler ["http-nio-8091"]
2020-02-23 22:04:51 [restartedMain] INFO  StandardService:173 - Starting service [Tomcat]
2020-02-23 22:04:51 [restartedMain] INFO  StandardEngine:173 - Starting Servlet engine: [Apache Tomcat/9.0.24]
2020-02-23 22:04:51 [restartedMain] INFO  [/]:173 - Initializing Spring embedded WebApplicationContext
2020-02-23 22:04:51 [restartedMain] INFO  ContextLoader:284 - Root WebApplicationContext: initialization completed in 2111 ms
2020-02-23 22:04:53 [restartedMain] INFO  ThreadPoolTaskExecutor:171 - Initializing ExecutorService 'taskExecutor'
2020-02-23 22:04:53 [restartedMain] INFO  ThreadPoolTaskExecutor:171 - Initializing ExecutorService 'clientInboundChannelExecutor'
2020-02-23 22:04:53 [restartedMain] INFO  ThreadPoolTaskExecutor:171 - Initializing ExecutorService 'clientOutboundChannelExecutor'
2020-02-23 22:04:53 [restartedMain] INFO  ThreadPoolTaskExecutor:171 - Initializing ExecutorService
2020-02-23 22:04:53 [restartedMain] INFO  ThreadPoolTaskExecutor:171 - Initializing ExecutorService 'downloadTaskExecutor'
2020-02-23 22:04:53 [restartedMain] INFO  ThreadPoolTaskScheduler:171 - Initializing ExecutorService 'messageBrokerTaskScheduler'
2020-02-23 22:04:53 [restartedMain] INFO  ThreadPoolTaskExecutor:171 - Initializing ExecutorService 'brokerChannelExecutor'
2020-02-23 22:04:53 [restartedMain] INFO  WelcomePageHandlerMapping:54 - Adding welcome page: class path resource [static/index.html]
2020-02-23 22:04:54 [restartedMain] INFO  DefaultSecurityFilterChain:43 - Creating filter chain: any request, [org.springframework.security.web.context.request.async.WebAsyncManagerIntegrationFilter@9f471de, org.springframework.security.web.context.SecurityContextPersistenceFilter@30bf88c6, org.springframework.security.web.header.HeaderWriterFilter@efe0e105, org.springframework.security.web.csrf.CsrfFilter@bef5bbe5, org.springframework.security.web.authentication.logout.LogoutFilter@34921b22, org.springframework.security.web.authentication.UsernamePasswordAuthenticationFilter@a1423232, org.springframework.security.web.authentication.ui.DefaultLoginPageGeneratingFilter@b878dfef, org.springframework.security.web.authentication.ui.DefaultLogoutPageGeneratingFilter@ea4d79ad, org.springframework.security.web.authentication.www.BasicAuthenticationFilter@4488bd33, org.springframework.security.web.savedrequest.RequestCacheAwareFilter@9975e363, org.springframework.security.web.servletapi.SecurityContextHolderAwareRequestFilter@1c35a18d, org.springframework.security.web.authentication.AnonymousAuthenticationFilter@e7b2e157, org.springframework.security.web.session.SessionManagementFilter@5abf1a3f, org.springframework.security.web.access.ExceptionTranslationFilter@cc630d35, org.springframework.security.web.access.intercept.FilterSecurityInterceptor@224c7841]
2020-02-23 22:04:54 [restartedMain] INFO  OptionalLiveReloadServer:57 - LiveReload server is running on port 35729
2020-02-23 22:04:54 [restartedMain] INFO  SimpleBrokerMessageHandler:137 - Starting...
2020-02-23 22:04:54 [restartedMain] INFO  SimpleBrokerMessageHandler:137 - BrokerAvailabilityEvent[available=true, SimpleBrokerMessageHandler [DefaultSubscriptionRegistry[cache[0 destination(s)], registry[0 sessions]]]]
2020-02-23 22:04:54 [restartedMain] INFO  SimpleBrokerMessageHandler:137 - Started.
2020-02-23 22:04:54 [restartedMain] INFO  Http11NioProtocol:173 - Starting ProtocolHandler ["http-nio-8091"]
2020-02-23 22:04:54 [restartedMain] INFO  TomcatWebServer:202 - Tomcat started on port(s): 8091 (http) with context path ''
2020-02-23 22:04:54 [restartedMain] INFO  SpringVideoDownloadApplication:59 - Started SpringVideoDownloadApplication in 5.689 seconds (JVM running for 6.961)
2020-02-23 22:04:57 [RMI TCP Connection(2)-127.0.0.1] INFO  SpringApplicationAdminMXBeanRegistrar$SpringApplicationAdmin:159 - Application shutdown requested.
2020-02-23 22:04:57 [RMI TCP Connection(2)-127.0.0.1] INFO  SimpleBrokerMessageHandler:137 - Stopping...
2020-02-23 22:04:57 [RMI TCP Connection(2)-127.0.0.1] INFO  SimpleBrokerMessageHandler:137 - BrokerAvailabilityEvent[available=false, SimpleBrokerMessageHandler [DefaultSubscriptionRegistry[cache[0 destination(s)], registry[0 sessions]]]]
2020-02-23 22:04:57 [RMI TCP Connection(2)-127.0.0.1] INFO  SimpleBrokerMessageHandler:137 - Stopped.
2020-02-23 22:04:57 [RMI TCP Connection(2)-127.0.0.1] INFO  ThreadPoolTaskExecutor:208 - Shutting down ExecutorService 'brokerChannelExecutor'
2020-02-23 22:04:57 [RMI TCP Connection(2)-127.0.0.1] INFO  ThreadPoolTaskScheduler:208 - Shutting down ExecutorService 'messageBrokerTaskScheduler'
2020-02-23 22:04:57 [RMI TCP Connection(2)-127.0.0.1] INFO  ThreadPoolTaskExecutor:208 - Shutting down ExecutorService 'downloadTaskExecutor'
2020-02-23 22:04:57 [RMI TCP Connection(2)-127.0.0.1] INFO  ThreadPoolTaskExecutor:208 - Shutting down ExecutorService 'clientOutboundChannelExecutor'
2020-02-23 22:04:57 [RMI TCP Connection(2)-127.0.0.1] INFO  ThreadPoolTaskExecutor:208 - Shutting down ExecutorService 'clientInboundChannelExecutor'
2020-02-23 22:04:57 [RMI TCP Connection(2)-127.0.0.1] INFO  ThreadPoolTaskExecutor:208 - Shutting down ExecutorService 'taskExecutor'
2020-02-23 22:05:04 [restartedMain] INFO  SpringVideoDownloadApplication:50 - Starting SpringVideoDownloadApplication on CM-AMD-LINUX with PID 6752 (/home/jonathan/eclipse-workspace/SpringVideoDownload/SpringVideoDownload/target/classes started by jonathan in /home/jonathan/eclipse-workspace/SpringVideoDownload/SpringVideoDownload)
2020-02-23 22:05:04 [restartedMain] INFO  SpringVideoDownloadApplication:648 - No active profile set, falling back to default profiles: default
2020-02-23 22:05:04 [restartedMain] INFO  DevToolsPropertyDefaultsPostProcessor:225 - Devtools property defaults active! Set 'spring.devtools.add-properties' to 'false' to disable
2020-02-23 22:05:04 [restartedMain] INFO  DevToolsPropertyDefaultsPostProcessor:225 - For additional web related logging consider setting the 'logging.level.web' property to 'DEBUG'
2020-02-23 22:05:06 [restartedMain] INFO  TomcatWebServer:90 - Tomcat initialized with port(s): 8091 (http)
2020-02-23 22:05:06 [restartedMain] INFO  Http11NioProtocol:173 - Initializing ProtocolHandler ["http-nio-8091"]
2020-02-23 22:05:06 [restartedMain] INFO  StandardService:173 - Starting service [Tomcat]
2020-02-23 22:05:06 [restartedMain] INFO  StandardEngine:173 - Starting Servlet engine: [Apache Tomcat/9.0.24]
2020-02-23 22:05:06 [restartedMain] INFO  [/]:173 - Initializing Spring embedded WebApplicationContext
2020-02-23 22:05:06 [restartedMain] INFO  ContextLoader:284 - Root WebApplicationContext: initialization completed in 1934 ms
2020-02-23 22:05:08 [restartedMain] INFO  ThreadPoolTaskExecutor:171 - Initializing ExecutorService 'taskExecutor'
2020-02-23 22:05:08 [restartedMain] INFO  ThreadPoolTaskExecutor:171 - Initializing ExecutorService 'clientInboundChannelExecutor'
2020-02-23 22:05:08 [restartedMain] INFO  ThreadPoolTaskExecutor:171 - Initializing ExecutorService 'clientOutboundChannelExecutor'
2020-02-23 22:05:08 [restartedMain] INFO  ThreadPoolTaskExecutor:171 - Initializing ExecutorService
2020-02-23 22:05:08 [restartedMain] INFO  ThreadPoolTaskExecutor:171 - Initializing ExecutorService 'downloadTaskExecutor'
2020-02-23 22:05:08 [restartedMain] INFO  ThreadPoolTaskScheduler:171 - Initializing ExecutorService 'messageBrokerTaskScheduler'
2020-02-23 22:05:08 [restartedMain] INFO  ThreadPoolTaskExecutor:171 - Initializing ExecutorService 'brokerChannelExecutor'
2020-02-23 22:05:08 [restartedMain] INFO  WelcomePageHandlerMapping:54 - Adding welcome page: class path resource [static/index.html]
2020-02-23 22:05:09 [restartedMain] INFO  DefaultSecurityFilterChain:43 - Creating filter chain: any request, [org.springframework.security.web.context.request.async.WebAsyncManagerIntegrationFilter@6b18311a, org.springframework.security.web.context.SecurityContextPersistenceFilter@1612ce6d, org.springframework.security.web.header.HeaderWriterFilter@54e8e897, org.springframework.security.web.csrf.CsrfFilter@4eff8e4d, org.springframework.security.web.authentication.logout.LogoutFilter@8b76ff40, org.springframework.security.web.authentication.UsernamePasswordAuthenticationFilter@5f3185a2, org.springframework.security.web.authentication.ui.DefaultLoginPageGeneratingFilter@4c0d5606, org.springframework.security.web.authentication.ui.DefaultLogoutPageGeneratingFilter@bb12a71f, org.springframework.security.web.authentication.www.BasicAuthenticationFilter@752e7724, org.springframework.security.web.savedrequest.RequestCacheAwareFilter@ce69a2ba, org.springframework.security.web.servletapi.SecurityContextHolderAwareRequestFilter@b513baa3, org.springframework.security.web.authentication.AnonymousAuthenticationFilter@c9cc6841, org.springframework.security.web.session.SessionManagementFilter@f42e6cdc, org.springframework.security.web.access.ExceptionTranslationFilter@a3cf81ef, org.springframework.security.web.access.intercept.FilterSecurityInterceptor@3108389d]
2020-02-23 22:05:09 [restartedMain] INFO  OptionalLiveReloadServer:57 - LiveReload server is running on port 35729
2020-02-23 22:05:09 [restartedMain] INFO  SimpleBrokerMessageHandler:137 - Starting...
2020-02-23 22:05:09 [restartedMain] INFO  SimpleBrokerMessageHandler:137 - BrokerAvailabilityEvent[available=true, SimpleBrokerMessageHandler [DefaultSubscriptionRegistry[cache[0 destination(s)], registry[0 sessions]]]]
2020-02-23 22:05:09 [restartedMain] INFO  SimpleBrokerMessageHandler:137 - Started.
2020-02-23 22:05:09 [restartedMain] INFO  Http11NioProtocol:173 - Starting ProtocolHandler ["http-nio-8091"]
2020-02-23 22:05:09 [restartedMain] INFO  TomcatWebServer:202 - Tomcat started on port(s): 8091 (http) with context path ''
2020-02-23 22:05:09 [restartedMain] INFO  SpringVideoDownloadApplication:59 - Started SpringVideoDownloadApplication in 5.267 seconds (JVM running for 6.491)
2020-03-22 16:13:31 [restartedMain] INFO  SpringVideoDownloadApplication:50 - Starting SpringVideoDownloadApplication on DESKTOP-3OE6845 with PID 5880 (D:\SpringVideoDownload\SpringVideoDownload\target\classes started by jhawk in D:\SpringVideoDownload\SpringVideoDownload)
2020-03-22 16:13:31 [restartedMain] INFO  SpringVideoDownloadApplication:648 - No active profile set, falling back to default profiles: default
2020-03-22 16:13:31 [restartedMain] INFO  DevToolsPropertyDefaultsPostProcessor:225 - Devtools property defaults active! Set 'spring.devtools.add-properties' to 'false' to disable
2020-03-22 16:13:31 [restartedMain] INFO  DevToolsPropertyDefaultsPostProcessor:225 - For additional web related logging consider setting the 'logging.level.web' property to 'DEBUG'
2020-03-22 16:13:38 [restartedMain] INFO  TomcatWebServer:90 - Tomcat initialized with port(s): 8090 (http)
2020-03-22 16:13:38 [restartedMain] INFO  Http11NioProtocol:173 - Initializing ProtocolHandler ["http-nio-8090"]
2020-03-22 16:13:38 [restartedMain] INFO  StandardService:173 - Starting service [Tomcat]
2020-03-22 16:13:38 [restartedMain] INFO  StandardEngine:173 - Starting Servlet engine: [Apache Tomcat/9.0.24]
2020-03-22 16:13:38 [restartedMain] INFO  [/]:173 - Initializing Spring embedded WebApplicationContext
2020-03-22 16:13:38 [restartedMain] INFO  ContextLoader:284 - Root WebApplicationContext: initialization completed in 7215 ms
2020-03-22 16:13:39 [restartedMain] WARN  AnnotationConfigServletWebServerApplicationContext:557 - Exception encountered during context initialization - cancelling refresh attempt: org.springframework.beans.factory.BeanCreationException: Error creating bean with name 'downloadController' defined in file [D:\SpringVideoDownload\SpringVideoDownload\target\classes\com\hawkins\controller\DownloadController.class]: Bean instantiation via constructor failed; nested exception is org.springframework.beans.BeanInstantiationException: Failed to instantiate [com.hawkins.controller.DownloadController]: Constructor threw exception; nested exception is java.lang.NullPointerException
2020-03-22 16:13:39 [restartedMain] INFO  StandardService:173 - Stopping service [Tomcat]
2020-03-22 16:13:39 [restartedMain] INFO  ConditionEvaluationReportLoggingListener:136 - 

Error starting ApplicationContext. To display the conditions report re-run your application with 'debug' enabled.
2020-03-22 16:13:39 [restartedMain] ERROR SpringApplication:823 - Application run failed
org.springframework.beans.factory.BeanCreationException: Error creating bean with name 'downloadController' defined in file [D:\SpringVideoDownload\SpringVideoDownload\target\classes\com\hawkins\controller\DownloadController.class]: Bean instantiation via constructor failed; nested exception is org.springframework.beans.BeanInstantiationException: Failed to instantiate [com.hawkins.controller.DownloadController]: Constructor threw exception; nested exception is java.lang.NullPointerException
	at org.springframework.beans.factory.support.ConstructorResolver.instantiate(ConstructorResolver.java:304) ~[spring-beans-5.1.9.RELEASE.jar:5.1.9.RELEASE]
	at org.springframework.beans.factory.support.ConstructorResolver.autowireConstructor(ConstructorResolver.java:285) ~[spring-beans-5.1.9.RELEASE.jar:5.1.9.RELEASE]
	at org.springframework.beans.factory.support.AbstractAutowireCapableBeanFactory.autowireConstructor(AbstractAutowireCapableBeanFactory.java:1341) ~[spring-beans-5.1.9.RELEASE.jar:5.1.9.RELEASE]
	at org.springframework.beans.factory.support.AbstractAutowireCapableBeanFactory.createBeanInstance(AbstractAutowireCapableBeanFactory.java:1187) ~[spring-beans-5.1.9.RELEASE.jar:5.1.9.RELEASE]
	at org.springframework.beans.factory.support.AbstractAutowireCapableBeanFactory.doCreateBean(AbstractAutowireCapableBeanFactory.java:555) ~[spring-beans-5.1.9.RELEASE.jar:5.1.9.RELEASE]
	at org.springframework.beans.factory.support.AbstractAutowireCapableBeanFactory.createBean(AbstractAutowireCapableBeanFactory.java:515) ~[spring-beans-5.1.9.RELEASE.jar:5.1.9.RELEASE]
	at org.springframework.beans.factory.support.AbstractBeanFactory.lambda$doGetBean$0(AbstractBeanFactory.java:320) ~[spring-beans-5.1.9.RELEASE.jar:5.1.9.RELEASE]
	at org.springframework.beans.factory.support.DefaultSingletonBeanRegistry.getSingleton(DefaultSingletonBeanRegistry.java:222) ~[spring-beans-5.1.9.RELEASE.jar:5.1.9.RELEASE]
	at org.springframework.beans.factory.support.AbstractBeanFactory.doGetBean(AbstractBeanFactory.java:318) ~[spring-beans-5.1.9.RELEASE.jar:5.1.9.RELEASE]
	at org.springframework.beans.factory.support.AbstractBeanFactory.getBean(AbstractBeanFactory.java:199) ~[spring-beans-5.1.9.RELEASE.jar:5.1.9.RELEASE]
	at org.springframework.beans.factory.support.DefaultListableBeanFactory.preInstantiateSingletons(DefaultListableBeanFactory.java:845) ~[spring-beans-5.1.9.RELEASE.jar:5.1.9.RELEASE]
	at org.springframework.context.support.AbstractApplicationContext.finishBeanFactoryInitialization(AbstractApplicationContext.java:877) ~[spring-context-5.1.9.RELEASE.jar:5.1.9.RELEASE]
	at org.springframework.context.support.AbstractApplicationContext.refresh(AbstractApplicationContext.java:549) ~[spring-context-5.1.9.RELEASE.jar:5.1.9.RELEASE]
	at org.springframework.boot.web.servlet.context.ServletWebServerApplicationContext.refresh(ServletWebServerApplicationContext.java:141) ~[spring-boot-2.1.8.RELEASE.jar:2.1.8.RELEASE]
	at org.springframework.boot.SpringApplication.refresh(SpringApplication.java:744) [spring-boot-2.1.8.RELEASE.jar:2.1.8.RELEASE]
	at org.springframework.boot.SpringApplication.refreshContext(SpringApplication.java:391) [spring-boot-2.1.8.RELEASE.jar:2.1.8.RELEASE]
	at org.springframework.boot.SpringApplication.run(SpringApplication.java:312) [spring-boot-2.1.8.RELEASE.jar:2.1.8.RELEASE]
	at org.springframework.boot.SpringApplication.run(SpringApplication.java:1215) [spring-boot-2.1.8.RELEASE.jar:2.1.8.RELEASE]
	at org.springframework.boot.SpringApplication.run(SpringApplication.java:1204) [spring-boot-2.1.8.RELEASE.jar:2.1.8.RELEASE]
	at com.hawkins.SpringVideoDownloadApplication.main(SpringVideoDownloadApplication.java:28) [classes/:?]
	at jdk.internal.reflect.NativeMethodAccessorImpl.invoke0(Native Method) ~[?:?]
	at jdk.internal.reflect.NativeMethodAccessorImpl.invoke(NativeMethodAccessorImpl.java:62) ~[?:?]
	at jdk.internal.reflect.DelegatingMethodAccessorImpl.invoke(DelegatingMethodAccessorImpl.java:43) ~[?:?]
	at java.lang.reflect.Method.invoke(Method.java:567) ~[?:?]
	at org.springframework.boot.devtools.restart.RestartLauncher.run(RestartLauncher.java:49) [spring-boot-devtools-2.1.8.RELEASE.jar:2.1.8.RELEASE]
Caused by: org.springframework.beans.BeanInstantiationException: Failed to instantiate [com.hawkins.controller.DownloadController]: Constructor threw exception; nested exception is java.lang.NullPointerException
	at org.springframework.beans.BeanUtils.instantiateClass(BeanUtils.java:184) ~[spring-beans-5.1.9.RELEASE.jar:5.1.9.RELEASE]
	at org.springframework.beans.factory.support.SimpleInstantiationStrategy.instantiate(SimpleInstantiationStrategy.java:117) ~[spring-beans-5.1.9.RELEASE.jar:5.1.9.RELEASE]
	at org.springframework.beans.factory.support.ConstructorResolver.instantiate(ConstructorResolver.java:300) ~[spring-beans-5.1.9.RELEASE.jar:5.1.9.RELEASE]
	... 24 more
Caused by: java.lang.NullPointerException
	at java.io.FileOutputStream.<init>(FileOutputStream.java:226) ~[?:?]
	at java.io.FileOutputStream.<init>(FileOutputStream.java:124) ~[?:?]
	at com.hawkins.utils.Utils.copyUrlToFile(Utils.java:112) ~[classes/:?]
	at com.hawkins.m3u.M3UPlayList.<init>(M3UPlayList.java:27) ~[classes/:?]
	at com.hawkins.controller.DownloadController.<init>(DownloadController.java:81) ~[classes/:?]
	at jdk.internal.reflect.NativeConstructorAccessorImpl.newInstance0(Native Method) ~[?:?]
	at jdk.internal.reflect.NativeConstructorAccessorImpl.newInstance(NativeConstructorAccessorImpl.java:62) ~[?:?]
	at jdk.internal.reflect.DelegatingConstructorAccessorImpl.newInstance(DelegatingConstructorAccessorImpl.java:45) ~[?:?]
	at java.lang.reflect.Constructor.newInstanceWithCaller(Constructor.java:500) ~[?:?]
	at java.lang.reflect.Constructor.newInstance(Constructor.java:481) ~[?:?]
	at org.springframework.beans.BeanUtils.instantiateClass(BeanUtils.java:172) ~[spring-beans-5.1.9.RELEASE.jar:5.1.9.RELEASE]
	at org.springframework.beans.factory.support.SimpleInstantiationStrategy.instantiate(SimpleInstantiationStrategy.java:117) ~[spring-beans-5.1.9.RELEASE.jar:5.1.9.RELEASE]
	at org.springframework.beans.factory.support.ConstructorResolver.instantiate(ConstructorResolver.java:300) ~[spring-beans-5.1.9.RELEASE.jar:5.1.9.RELEASE]
	... 24 more
2020-03-22 16:16:01 [restartedMain] INFO  SpringVideoDownloadApplication:50 - Starting SpringVideoDownloadApplication on DESKTOP-3OE6845 with PID 14692 (D:\SpringVideoDownload\SpringVideoDownload\target\classes started by jhawk in D:\SpringVideoDownload\SpringVideoDownload)
2020-03-22 16:16:01 [restartedMain] INFO  SpringVideoDownloadApplication:648 - No active profile set, falling back to default profiles: default
2020-03-22 16:16:02 [restartedMain] INFO  DevToolsPropertyDefaultsPostProcessor:225 - Devtools property defaults active! Set 'spring.devtools.add-properties' to 'false' to disable
2020-03-22 16:16:02 [restartedMain] INFO  DevToolsPropertyDefaultsPostProcessor:225 - For additional web related logging consider setting the 'logging.level.web' property to 'DEBUG'
2020-03-22 16:16:05 [restartedMain] INFO  TomcatWebServer:90 - Tomcat initialized with port(s): 8090 (http)
2020-03-22 16:16:05 [restartedMain] INFO  Http11NioProtocol:173 - Initializing ProtocolHandler ["http-nio-8090"]
2020-03-22 16:16:05 [restartedMain] INFO  StandardService:173 - Starting service [Tomcat]
2020-03-22 16:16:05 [restartedMain] INFO  StandardEngine:173 - Starting Servlet engine: [Apache Tomcat/9.0.24]
2020-03-22 16:16:05 [restartedMain] INFO  [/]:173 - Initializing Spring embedded WebApplicationContext
2020-03-22 16:16:05 [restartedMain] INFO  ContextLoader:284 - Root WebApplicationContext: initialization completed in 3901 ms
2020-03-22 16:18:44 [restartedMain] INFO  SpringVideoDownloadApplication:50 - Starting SpringVideoDownloadApplication on DESKTOP-3OE6845 with PID 14016 (D:\SpringVideoDownload\SpringVideoDownload\target\classes started by jhawk in D:\SpringVideoDownload\SpringVideoDownload)
2020-03-22 16:18:44 [restartedMain] INFO  SpringVideoDownloadApplication:648 - No active profile set, falling back to default profiles: default
2020-03-22 16:18:44 [restartedMain] INFO  DevToolsPropertyDefaultsPostProcessor:225 - Devtools property defaults active! Set 'spring.devtools.add-properties' to 'false' to disable
2020-03-22 16:18:44 [restartedMain] INFO  DevToolsPropertyDefaultsPostProcessor:225 - For additional web related logging consider setting the 'logging.level.web' property to 'DEBUG'
2020-03-22 16:18:46 [restartedMain] INFO  TomcatWebServer:90 - Tomcat initialized with port(s): 8090 (http)
2020-03-22 16:18:46 [restartedMain] INFO  Http11NioProtocol:173 - Initializing ProtocolHandler ["http-nio-8090"]
2020-03-22 16:18:46 [restartedMain] INFO  StandardService:173 - Starting service [Tomcat]
2020-03-22 16:18:46 [restartedMain] INFO  StandardEngine:173 - Starting Servlet engine: [Apache Tomcat/9.0.24]
2020-03-22 16:18:46 [restartedMain] INFO  [/]:173 - Initializing Spring embedded WebApplicationContext
2020-03-22 16:18:46 [restartedMain] INFO  ContextLoader:284 - Root WebApplicationContext: initialization completed in 2371 ms
2020-03-22 16:24:14 [restartedMain] WARN  AnnotationConfigServletWebServerApplicationContext:557 - Exception encountered during context initialization - cancelling refresh attempt: org.springframework.beans.factory.BeanCreationException: Error creating bean with name 'downloadController' defined in file [D:\SpringVideoDownload\SpringVideoDownload\target\classes\com\hawkins\controller\DownloadController.class]: Bean instantiation via constructor failed; nested exception is org.springframework.beans.BeanInstantiationException: Failed to instantiate [com.hawkins.controller.DownloadController]: Constructor threw exception; nested exception is java.lang.NullPointerException
2020-03-22 16:24:14 [restartedMain] INFO  StandardService:173 - Stopping service [Tomcat]
2020-03-22 16:24:14 [restartedMain] INFO  ConditionEvaluationReportLoggingListener:136 - 

Error starting ApplicationContext. To display the conditions report re-run your application with 'debug' enabled.
2020-03-22 16:24:14 [restartedMain] ERROR SpringApplication:823 - Application run failed
org.springframework.beans.factory.BeanCreationException: Error creating bean with name 'downloadController' defined in file [D:\SpringVideoDownload\SpringVideoDownload\target\classes\com\hawkins\controller\DownloadController.class]: Bean instantiation via constructor failed; nested exception is org.springframework.beans.BeanInstantiationException: Failed to instantiate [com.hawkins.controller.DownloadController]: Constructor threw exception; nested exception is java.lang.NullPointerException
	at org.springframework.beans.factory.support.ConstructorResolver.instantiate(ConstructorResolver.java:304) ~[spring-beans-5.1.9.RELEASE.jar:5.1.9.RELEASE]
	at org.springframework.beans.factory.support.ConstructorResolver.autowireConstructor(ConstructorResolver.java:285) ~[spring-beans-5.1.9.RELEASE.jar:5.1.9.RELEASE]
	at org.springframework.beans.factory.support.AbstractAutowireCapableBeanFactory.autowireConstructor(AbstractAutowireCapableBeanFactory.java:1341) ~[spring-beans-5.1.9.RELEASE.jar:5.1.9.RELEASE]
	at org.springframework.beans.factory.support.AbstractAutowireCapableBeanFactory.createBeanInstance(AbstractAutowireCapableBeanFactory.java:1187) ~[spring-beans-5.1.9.RELEASE.jar:5.1.9.RELEASE]
	at org.springframework.beans.factory.support.AbstractAutowireCapableBeanFactory.doCreateBean(AbstractAutowireCapableBeanFactory.java:555) ~[spring-beans-5.1.9.RELEASE.jar:5.1.9.RELEASE]
	at org.springframework.beans.factory.support.AbstractAutowireCapableBeanFactory.createBean(AbstractAutowireCapableBeanFactory.java:515) ~[spring-beans-5.1.9.RELEASE.jar:5.1.9.RELEASE]
	at org.springframework.beans.factory.support.AbstractBeanFactory.lambda$doGetBean$0(AbstractBeanFactory.java:320) ~[spring-beans-5.1.9.RELEASE.jar:5.1.9.RELEASE]
	at org.springframework.beans.factory.support.DefaultSingletonBeanRegistry.getSingleton(DefaultSingletonBeanRegistry.java:222) ~[spring-beans-5.1.9.RELEASE.jar:5.1.9.RELEASE]
	at org.springframework.beans.factory.support.AbstractBeanFactory.doGetBean(AbstractBeanFactory.java:318) ~[spring-beans-5.1.9.RELEASE.jar:5.1.9.RELEASE]
	at org.springframework.beans.factory.support.AbstractBeanFactory.getBean(AbstractBeanFactory.java:199) ~[spring-beans-5.1.9.RELEASE.jar:5.1.9.RELEASE]
	at org.springframework.beans.factory.support.DefaultListableBeanFactory.preInstantiateSingletons(DefaultListableBeanFactory.java:845) ~[spring-beans-5.1.9.RELEASE.jar:5.1.9.RELEASE]
	at org.springframework.context.support.AbstractApplicationContext.finishBeanFactoryInitialization(AbstractApplicationContext.java:877) ~[spring-context-5.1.9.RELEASE.jar:5.1.9.RELEASE]
	at org.springframework.context.support.AbstractApplicationContext.refresh(AbstractApplicationContext.java:549) ~[spring-context-5.1.9.RELEASE.jar:5.1.9.RELEASE]
	at org.springframework.boot.web.servlet.context.ServletWebServerApplicationContext.refresh(ServletWebServerApplicationContext.java:141) ~[spring-boot-2.1.8.RELEASE.jar:2.1.8.RELEASE]
	at org.springframework.boot.SpringApplication.refresh(SpringApplication.java:744) [spring-boot-2.1.8.RELEASE.jar:2.1.8.RELEASE]
	at org.springframework.boot.SpringApplication.refreshContext(SpringApplication.java:391) [spring-boot-2.1.8.RELEASE.jar:2.1.8.RELEASE]
	at org.springframework.boot.SpringApplication.run(SpringApplication.java:312) [spring-boot-2.1.8.RELEASE.jar:2.1.8.RELEASE]
	at org.springframework.boot.SpringApplication.run(SpringApplication.java:1215) [spring-boot-2.1.8.RELEASE.jar:2.1.8.RELEASE]
	at org.springframework.boot.SpringApplication.run(SpringApplication.java:1204) [spring-boot-2.1.8.RELEASE.jar:2.1.8.RELEASE]
	at com.hawkins.SpringVideoDownloadApplication.main(SpringVideoDownloadApplication.java:28) [classes/:?]
	at jdk.internal.reflect.NativeMethodAccessorImpl.invoke0(Native Method) ~[?:?]
	at jdk.internal.reflect.NativeMethodAccessorImpl.invoke(NativeMethodAccessorImpl.java:62) ~[?:?]
	at jdk.internal.reflect.DelegatingMethodAccessorImpl.invoke(DelegatingMethodAccessorImpl.java:43) ~[?:?]
	at java.lang.reflect.Method.invoke(Method.java:567) ~[?:?]
	at org.springframework.boot.devtools.restart.RestartLauncher.run(RestartLauncher.java:49) [spring-boot-devtools-2.1.8.RELEASE.jar:2.1.8.RELEASE]
Caused by: org.springframework.beans.BeanInstantiationException: Failed to instantiate [com.hawkins.controller.DownloadController]: Constructor threw exception; nested exception is java.lang.NullPointerException
	at org.springframework.beans.BeanUtils.instantiateClass(BeanUtils.java:184) ~[spring-beans-5.1.9.RELEASE.jar:5.1.9.RELEASE]
	at org.springframework.beans.factory.support.SimpleInstantiationStrategy.instantiate(SimpleInstantiationStrategy.java:117) ~[spring-beans-5.1.9.RELEASE.jar:5.1.9.RELEASE]
	at org.springframework.beans.factory.support.ConstructorResolver.instantiate(ConstructorResolver.java:300) ~[spring-beans-5.1.9.RELEASE.jar:5.1.9.RELEASE]
	... 24 more
Caused by: java.lang.NullPointerException
	at com.hawkins.properties.DmProperties.<init>(DmProperties.java:62) ~[classes/:?]
	at com.hawkins.controller.DownloadController.<init>(DownloadController.java:84) ~[classes/:?]
	at jdk.internal.reflect.NativeConstructorAccessorImpl.newInstance0(Native Method) ~[?:?]
	at jdk.internal.reflect.NativeConstructorAccessorImpl.newInstance(NativeConstructorAccessorImpl.java:62) ~[?:?]
	at jdk.internal.reflect.DelegatingConstructorAccessorImpl.newInstance(DelegatingConstructorAccessorImpl.java:45) ~[?:?]
	at java.lang.reflect.Constructor.newInstanceWithCaller(Constructor.java:500) ~[?:?]
	at java.lang.reflect.Constructor.newInstance(Constructor.java:481) ~[?:?]
	at org.springframework.beans.BeanUtils.instantiateClass(BeanUtils.java:172) ~[spring-beans-5.1.9.RELEASE.jar:5.1.9.RELEASE]
	at org.springframework.beans.factory.support.SimpleInstantiationStrategy.instantiate(SimpleInstantiationStrategy.java:117) ~[spring-beans-5.1.9.RELEASE.jar:5.1.9.RELEASE]
	at org.springframework.beans.factory.support.ConstructorResolver.instantiate(ConstructorResolver.java:300) ~[spring-beans-5.1.9.RELEASE.jar:5.1.9.RELEASE]
	... 24 more
2020-03-22 16:34:12 [restartedMain] INFO  SpringVideoDownloadApplication:50 - Starting SpringVideoDownloadApplication on DESKTOP-3OE6845 with PID 9704 (D:\SpringVideoDownload\SpringVideoDownload\target\classes started by jhawk in D:\SpringVideoDownload\SpringVideoDownload)
2020-03-22 16:34:12 [restartedMain] INFO  SpringVideoDownloadApplication:648 - No active profile set, falling back to default profiles: default
2020-03-22 16:34:12 [restartedMain] INFO  DevToolsPropertyDefaultsPostProcessor:225 - Devtools property defaults active! Set 'spring.devtools.add-properties' to 'false' to disable
2020-03-22 16:34:12 [restartedMain] INFO  DevToolsPropertyDefaultsPostProcessor:225 - For additional web related logging consider setting the 'logging.level.web' property to 'DEBUG'
2020-03-22 16:34:16 [restartedMain] INFO  TomcatWebServer:90 - Tomcat initialized with port(s): 8090 (http)
2020-03-22 16:34:16 [restartedMain] INFO  Http11NioProtocol:173 - Initializing ProtocolHandler ["http-nio-8090"]
2020-03-22 16:34:16 [restartedMain] INFO  StandardService:173 - Starting service [Tomcat]
2020-03-22 16:34:16 [restartedMain] INFO  StandardEngine:173 - Starting Servlet engine: [Apache Tomcat/9.0.24]
2020-03-22 16:34:16 [restartedMain] INFO  [/]:173 - Initializing Spring embedded WebApplicationContext
2020-03-22 16:34:16 [restartedMain] INFO  ContextLoader:284 - Root WebApplicationContext: initialization completed in 3651 ms
